Rc files read:
  /etc/LatexMk
Latexmk: This is Latexmk, John Collins, 11 Dec. 2024. Version 4.86.
Latexmk: Changing directory to '/compile/'
No existing .aux file, so I'll make a simple one, and require run of *latex.
Latexmk: applying rule 'pdflatex'...
Rule 'pdflatex':  Reasons for rerun
Category 'other':
  Rerun of 'pdflatex' forced or previously required:
    Reason or flag: 'Initial setup'

------------
Run number 1 of rule 'pdflatex'
------------
------------
Running 'pdflatex  -synctex=1 -interaction=batchmode -recorder --jobname="output"  "main.tex"'
------------
This is pdfTeX, Version 3.141592653-2.6-1.40.26 (TeX Live 2025/dev/Debian) (preloaded format=pdflatex)
 restricted \write18 enabled.
entering extended mode
Latexmk: Getting log file 'output.log'
Latexmk: Examining 'output.fls'
Latexmk: Examining 'output.log'
Latexmk: References changed.
Latexmk: References changed.
Latexmk: Log file says output to 'output.pdf'
Latexmk: Found bibliography file(s):
  ./sample.bib
Latexmk: applying rule 'bibtex output'...
Rule 'bibtex output':  Reasons for rerun
Category 'other':
  Rerun of 'bibtex output' forced or previously required:
    Reason or flag: 'Initial set up of rule'

------------
Run number 1 of rule 'bibtex output'
------------
------------
Running 'bibtex  "output.aux"'
------------
This is BibTeX, Version 0.99d (TeX Live 2025/dev/Debian)
The top-level auxiliary file: output.aux
The style file: alpha.bst
Database file #1: sample.bib
Latexmk: applying rule 'pdflatex'...
Rule 'pdflatex':  Reasons for rerun
Changed files or newly in use/created:
  output.aux
  output.bbl
  output.out

------------
Run number 2 of rule 'pdflatex'
------------
------------
Running 'pdflatex  -synctex=1 -interaction=batchmode -recorder --jobname="output"  "main.tex"'
------------
This is pdfTeX, Version 3.141592653-2.6-1.40.26 (TeX Live 2025/dev/Debian) (preloaded format=pdflatex)
 restricted \write18 enabled.
entering extended mode
Latexmk: Getting log file 'output.log'
Latexmk: Examining 'output.fls'
Latexmk: Examining 'output.log'
Latexmk: Found input bbl file 'output.bbl'
Latexmk: References changed.
Latexmk: Log file says output to 'output.pdf'
Latexmk: Found bibliography file(s):
  ./sample.bib
Latexmk: applying rule 'bibtex output'...
Rule 'bibtex output':  Reasons for rerun
Changed files or newly in use/created:
  output.aux

------------
Run number 2 of rule 'bibtex output'
------------
------------
Running 'bibtex  "output.aux"'
------------
This is BibTeX, Version 0.99d (TeX Live 2025/dev/Debian)
The top-level auxiliary file: output.aux
The style file: alpha.bst
Database file #1: sample.bib
Latexmk: applying rule 'pdflatex'...
Rule 'pdflatex':  Reasons for rerun
Changed files or newly in use/created:
  output.aux

------------
Run number 3 of rule 'pdflatex'
------------
------------
Running 'pdflatex  -synctex=1 -interaction=batchmode -recorder --jobname="output"  "main.tex"'
------------
This is pdfTeX, Version 3.141592653-2.6-1.40.26 (TeX Live 2025/dev/Debian) (preloaded format=pdflatex)
 restricted \write18 enabled.
entering extended mode
Latexmk: Getting log file 'output.log'
Latexmk: Examining 'output.fls'
Latexmk: Examining 'output.log'
Latexmk: Found input bbl file 'output.bbl'
Latexmk: Log file says output to 'output.pdf'
Latexmk: Found bibliography file(s):
  ./sample.bib
Latexmk: All targets (output.pdf) are up-to-date
Latexmk: Undoing directory change

